# JRE version: Java(TM) SE Runtime Environment (8.0_74-b02) (build 1.8.0_74-b02)
# Java VM: Java HotSpot(TM) 64-Bit Server VM (25.74-b02 mixed mode windows-amd64 compressed oops)
Heap:
 PSYoungGen      total 39936K, used 8453K [0x00000000d6100000, 0x00000000d9580000, 0x0000000100000000)
  eden space 27136K, 30% used [0x00000000d6100000,0x00000000d6919710,0x00000000d7b80000)
  from space 12800K, 1% used [0x00000000d8900000,0x00000000d8928000,0x00000000d9580000)
  to   space 13312K, 0% used [0x00000000d7b80000,0x00000000d7b80000,0x00000000d8880000)
 ParOldGen       total 44544K, used 27294K [0x0000000082200000, 0x0000000084d80000, 0x00000000d6100000)
  object space 44544K, 61% used [0x0000000082200000,0x0000000083ca7bf0,0x0000000084d80000)
 Metaspace       used 25424K, capacity 25722K, committed 26112K, reserved 1073152K
  class space    used 2910K, capacity 3009K, committed 3072K, reserved 1048576K
GC Heap History (10 events):
Event: 779.686 GC heap before
{Heap before GC invocations=11 (full 1):
 PSYoungGen      total 41984K, used 30304K [0x00000000d6100000, 0x00000000d9700000, 0x0000000100000000)
  eden space 29696K, 100% used [0x00000000d6100000,0x00000000d7e00000,0x00000000d7e00000)
  from space 12288K, 4% used [0x00000000d7e80000,0x00000000d7f18000,0x00000000d8a80000)
  to   space 12800K, 0% used [0x00000000d8a80000,0x00000000d8a80000,0x00000000d9700000)
 ParOldGen       total 44544K, used 26597K [0x0000000082200000, 0x0000000084d80000, 0x00000000d6100000)
  object space 44544K, 59% used [0x0000000082200000,0x0000000083bf9420,0x0000000084d80000)
 Metaspace       used 25249K, capacity 25530K, committed 25856K, reserved 1073152K
  class space    used 2909K, capacity 3009K, committed 3072K, reserved 1048576K
Event: 779.700 GC heap after
Heap after GC invocations=11 (full 1):
 PSYoungGen      total 41984K, used 448K [0x00000000d6100000, 0x00000000d9780000, 0x0000000100000000)
  eden space 29184K, 0% used [0x00000000d6100000,0x00000000d6100000,0x00000000d7d80000)
  from space 12800K, 3% used [0x00000000d8a80000,0x00000000d8af0000,0x00000000d9700000)
  to   space 13312K, 0% used [0x00000000d7d80000,0x00000000d7d80000,0x00000000d8a80000)
 ParOldGen       total 44544K, used 26693K [0x0000000082200000, 0x0000000084d80000, 0x00000000d6100000)
  object space 44544K, 59% used [0x0000000082200000,0x0000000083c11420,0x0000000084d80000)
 Metaspace       used 25249K, capacity 25530K, committed 25856K, reserved 1073152K
  class space    used 2909K, capacity 3009K, committed 3072K, reserved 1048576K
}
Event: 807.862 GC heap before
{Heap before GC invocations=12 (full 1):
 PSYoungGen      total 41984K, used 29632K [0x00000000d6100000, 0x00000000d9780000, 0x0000000100000000)
  eden space 29184K, 100% used [0x00000000d6100000,0x00000000d7d80000,0x00000000d7d80000)
  from space 12800K, 3% used [0x00000000d8a80000,0x00000000d8af0000,0x00000000d9700000)
  to   space 13312K, 0% used [0x00000000d7d80000,0x00000000d7d80000,0x00000000d8a80000)
 ParOldGen       total 44544K, used 26693K [0x0000000082200000, 0x0000000084d80000, 0x00000000d6100000)
  object space 44544K, 59% used [0x0000000082200000,0x0000000083c11420,0x0000000084d80000)
 Metaspace       used 25357K, capacity 25658K, committed 25856K, reserved 1073152K
  class space    used 2909K, capacity 3009K, committed 3072K, reserved 1048576K
Event: 807.864 GC heap after
Heap after GC invocations=12 (full 1):
 PSYoungGen      total 41984K, used 96K [0x00000000d6100000, 0x00000000d9800000, 0x0000000100000000)
  eden space 28672K, 0% used [0x00000000d6100000,0x00000000d6100000,0x00000000d7d00000)
  from space 13312K, 0% used [0x00000000d7d80000,0x00000000d7d98000,0x00000000d8a80000)
  to   space 13824K, 0% used [0x00000000d8a80000,0x00000000d8a80000,0x00000000d9800000)
 ParOldGen       total 44544K, used 27101K [0x0000000082200000, 0x0000000084d80000, 0x00000000d6100000)
  object space 44544K, 60% used [0x0000000082200000,0x0000000083c777c8,0x0000000084d80000)
 Metaspace       used 25357K, capacity 25658K, committed 25856K, reserved 1073152K
  class space    used 2909K, capacity 3009K, committed 3072K, reserved 1048576K
}
Event: 835.221 GC heap before
{Heap before GC invocations=13 (full 1):
 PSYoungGen      total 41984K, used 28768K [0x00000000d6100000, 0x00000000d9800000, 0x0000000100000000)
  eden space 28672K, 100% used [0x00000000d6100000,0x00000000d7d00000,0x00000000d7d00000)
  from space 13312K, 0% used [0x00000000d7d80000,0x00000000d7d98000,0x00000000d8a80000)
  to   space 13824K, 0% used [0x00000000d8a80000,0x00000000d8a80000,0x00000000d9800000)
 ParOldGen       total 44544K, used 27101K [0x0000000082200000, 0x0000000084d80000, 0x00000000d6100000)
  object space 44544K, 60% used [0x0000000082200000,0x0000000083c777c8,0x0000000084d80000)
 Metaspace       used 25393K, capacity 25658K, committed 25856K, reserved 1073152K
  class space    used 2909K, capacity 3009K, committed 3072K, reserved 1048576K
Event: 835.223 GC heap after
Heap after GC invocations=13 (full 1):
 PSYoungGen      total 41472K, used 224K [0x00000000d6100000, 0x00000000d9780000, 0x0000000100000000)
  eden space 28160K, 0% used [0x00000000d6100000,0x00000000d6100000,0x00000000d7c80000)
  from space 13312K, 1% used [0x00000000d8a80000,0x00000000d8ab8000,0x00000000d9780000)
  to   space 13824K, 0% used [0x00000000d7c80000,0x00000000d7c80000,0x00000000d8a00000)
 ParOldGen       total 44544K, used 27162K [0x0000000082200000, 0x0000000084d80000, 0x00000000d6100000)
  object space 44544K, 60% used [0x0000000082200000,0x0000000083c86b80,0x0000000084d80000)
 Metaspace       used 25393K, capacity 25658K, committed 25856K, reserved 1073152K
  class space    used 2909K, capacity 3009K, committed 3072K, reserved 1048576K
}
Event: 837.986 GC heap before
{Heap before GC invocations=14 (full 1):
 PSYoungGen      total 41472K, used 28384K [0x00000000d6100000, 0x00000000d9780000, 0x0000000100000000)
  eden space 28160K, 100% used [0x00000000d6100000,0x00000000d7c80000,0x00000000d7c80000)
  from space 13312K, 1% used [0x00000000d8a80000,0x00000000d8ab8000,0x00000000d9780000)
  to   space 13824K, 0% used [0x00000000d7c80000,0x00000000d7c80000,0x00000000d8a00000)
 ParOldGen       total 44544K, used 27162K [0x0000000082200000, 0x0000000084d80000, 0x00000000d6100000)
  object space 44544K, 60% used [0x0000000082200000,0x0000000083c86b80,0x0000000084d80000)
 Metaspace       used 25402K, capacity 25658K, committed 25856K, reserved 1073152K
  class space    used 2909K, capacity 3009K, committed 3072K, reserved 1048576K
Event: 837.988 GC heap after
Heap after GC invocations=14 (full 1):
 PSYoungGen      total 28160K, used 160K [0x00000000d6100000, 0x00000000d9600000, 0x0000000100000000)
  eden space 27648K, 0% used [0x00000000d6100000,0x00000000d6100000,0x00000000d7c00000)
  from space 512K, 31% used [0x00000000d7c80000,0x00000000d7ca8000,0x00000000d7d00000)
  to   space 13312K, 0% used [0x00000000d8900000,0x00000000d8900000,0x00000000d9600000)
 ParOldGen       total 44544K, used 27248K [0x0000000082200000, 0x0000000084d80000, 0x00000000d6100000)
  object space 44544K, 61% used [0x0000000082200000,0x0000000083c9c050,0x0000000084d80000)
 Metaspace       used 25402K, capacity 25658K, committed 25856K, reserved 1073152K
  class space    used 2909K, capacity 3009K, committed 3072K, reserved 1048576K
}
Event: 839.478 GC heap before
{Heap before GC invocations=15 (full 1):
 PSYoungGen      total 28160K, used 27808K [0x00000000d6100000, 0x00000000d9600000, 0x0000000100000000)
  eden space 27648K, 100% used [0x00000000d6100000,0x00000000d7c00000,0x00000000d7c00000)
  from space 512K, 31% used [0x00000000d7c80000,0x00000000d7ca8000,0x00000000d7d00000)
  to   space 13312K, 0% used [0x00000000d8900000,0x00000000d8900000,0x00000000d9600000)
 ParOldGen       total 44544K, used 27248K [0x0000000082200000, 0x0000000084d80000, 0x00000000d6100000)
  object space 44544K, 61% used [0x0000000082200000,0x0000000083c9c050,0x0000000084d80000)
 Metaspace       used 25408K, capacity 25658K, committed 25856K, reserved 1073152K
  class space    used 2909K, capacity 3009K, committed 3072K, reserved 1048576K
Event: 839.482 GC heap after
Heap after GC invocations=15 (full 1):
 PSYoungGen      total 39936K, used 160K [0x00000000d6100000, 0x00000000d9580000, 0x0000000100000000)
  eden space 27136K, 0% used [0x00000000d6100000,0x00000000d6100000,0x00000000d7b80000)
  from space 12800K, 1% used [0x00000000d8900000,0x00000000d8928000,0x00000000d9580000)
  to   space 13312K, 0% used [0x00000000d7b80000,0x00000000d7b80000,0x00000000d8880000)
 ParOldGen       total 44544K, used 27294K [0x0000000082200000, 0x0000000084d80000, 0x00000000d6100000)
  object space 44544K, 61% used [0x0000000082200000,0x0000000083ca7bf0,0x0000000084d80000)
 Metaspace       used 25408K, capacity 25658K, committed 25856K, reserved 1073152K
  class space    used 2909K, capacity 3009K, committed 3072K, reserved 1048576K
}

